mode: set
github.com/control-center/serviced/upgrades/commands.go:20.13,31.2 1 1
github.com/control-center/serviced/upgrades/commands.go:33.73,34.59 1 1
github.com/control-center/serviced/upgrades/commands.go:37.2,37.20 1 1
github.com/control-center/serviced/upgrades/commands.go:40.2,40.22 1 1
github.com/control-center/serviced/upgrades/commands.go:34.59,36.3 1 1
github.com/control-center/serviced/upgrades/commands.go:37.20,39.3 1 1
github.com/control-center/serviced/upgrades/commands.go:43.68,44.78 1 1
github.com/control-center/serviced/upgrades/commands.go:48.2,48.31 1 1
github.com/control-center/serviced/upgrades/commands.go:44.78,46.3 1 1
github.com/control-center/serviced/upgrades/commands.go:51.72,52.20 1 1
github.com/control-center/serviced/upgrades/commands.go:55.2,55.30 1 1
github.com/control-center/serviced/upgrades/commands.go:58.2,60.31 3 1
github.com/control-center/serviced/upgrades/commands.go:52.20,54.3 1 1
github.com/control-center/serviced/upgrades/commands.go:55.30,57.3 1 1
github.com/control-center/serviced/upgrades/commands.go:63.68,64.37 1 1
github.com/control-center/serviced/upgrades/commands.go:67.2,67.30 1 1
github.com/control-center/serviced/upgrades/commands.go:64.37,66.3 1 1
github.com/control-center/serviced/upgrades/commands.go:70.69,71.20 1 1
github.com/control-center/serviced/upgrades/commands.go:74.2,74.32 1 1
github.com/control-center/serviced/upgrades/commands.go:71.20,73.3 1 1
github.com/control-center/serviced/upgrades/commands.go:76.64,77.37 1 1
github.com/control-center/serviced/upgrades/commands.go:80.2,80.27 1 1
github.com/control-center/serviced/upgrades/commands.go:77.37,79.3 1 1
github.com/control-center/serviced/upgrades/commands.go:83.43,85.16 2 1
github.com/control-center/serviced/upgrades/commands.go:88.2,88.27 1 1
github.com/control-center/serviced/upgrades/commands.go:85.16,87.3 1 1
github.com/control-center/serviced/upgrades/commands.go:91.67,92.19 1 1
github.com/control-center/serviced/upgrades/commands.go:96.2,96.58 1 1
github.com/control-center/serviced/upgrades/commands.go:92.19,94.3 1 1
github.com/control-center/serviced/upgrades/commands.go:99.71,100.37 1 1
github.com/control-center/serviced/upgrades/commands.go:104.2,104.33 1 1
github.com/control-center/serviced/upgrades/commands.go:100.37,102.3 1 1
github.com/control-center/serviced/upgrades/parser.go:25.38,27.2 1 1
github.com/control-center/serviced/upgrades/parser.go:29.68,31.2 1 1
github.com/control-center/serviced/upgrades/parser.go:33.56,35.16 2 0
github.com/control-center/serviced/upgrades/parser.go:38.2,39.27 2 0
github.com/control-center/serviced/upgrades/parser.go:35.16,37.3 1 0
github.com/control-center/serviced/upgrades/parser.go:42.58,44.44 2 1
github.com/control-center/serviced/upgrades/parser.go:49.2,49.46 1 1
github.com/control-center/serviced/upgrades/parser.go:52.2,52.17 1 1
github.com/control-center/serviced/upgrades/parser.go:44.44,48.3 3 1
github.com/control-center/serviced/upgrades/parser.go:49.46,51.3 1 0
github.com/control-center/serviced/upgrades/parser.go:55.77,58.21 3 1
github.com/control-center/serviced/upgrades/parser.go:64.2,64.22 1 1
github.com/control-center/serviced/upgrades/parser.go:58.21,60.50 2 1
github.com/control-center/serviced/upgrades/parser.go:60.50,62.4 1 0
github.com/control-center/serviced/upgrades/parser.go:71.48,75.22 3 1
github.com/control-center/serviced/upgrades/parser.go:78.2,79.39 2 1
github.com/control-center/serviced/upgrades/parser.go:84.2,85.25 2 1
github.com/control-center/serviced/upgrades/parser.go:88.2,88.18 1 1
github.com/control-center/serviced/upgrades/parser.go:75.22,77.3 1 1
github.com/control-center/serviced/upgrades/parser.go:79.39,81.3 1 1
github.com/control-center/serviced/upgrades/parser.go:81.3,83.3 1 1
github.com/control-center/serviced/upgrades/parser.go:85.25,87.3 1 1
github.com/control-center/serviced/upgrades/parser.go:92.44,97.12 4 1
github.com/control-center/serviced/upgrades/parser.go:100.2,101.16 2 1
github.com/control-center/serviced/upgrades/parser.go:104.2,105.12 2 1
github.com/control-center/serviced/upgrades/parser.go:97.12,99.3 1 0
github.com/control-center/serviced/upgrades/parser.go:101.16,103.3 1 0
