mode: set
github.com/control-center/serviced/script/nodes.go:30.13,42.2 1 1
github.com/control-center/serviced/script/nodes.go:53.84,55.2 1 1
github.com/control-center/serviced/script/nodes.go:57.83,58.20 1 1
github.com/control-center/serviced/script/nodes.go:61.2,61.78 1 1
github.com/control-center/serviced/script/nodes.go:58.20,60.3 1 1
github.com/control-center/serviced/script/nodes.go:64.78,65.20 1 1
github.com/control-center/serviced/script/nodes.go:68.2,68.78 1 1
github.com/control-center/serviced/script/nodes.go:65.20,67.3 1 1
github.com/control-center/serviced/script/nodes.go:71.78,72.20 1 1
github.com/control-center/serviced/script/nodes.go:75.2,75.84 1 1
github.com/control-center/serviced/script/nodes.go:72.20,74.3 1 1
github.com/control-center/serviced/script/nodes.go:78.79,79.20 1 1
github.com/control-center/serviced/script/nodes.go:82.2,83.16 2 1
github.com/control-center/serviced/script/nodes.go:87.2,87.78 1 1
github.com/control-center/serviced/script/nodes.go:79.20,81.3 1 1
github.com/control-center/serviced/script/nodes.go:83.16,85.3 1 1
github.com/control-center/serviced/script/nodes.go:90.78,91.19 1 1
github.com/control-center/serviced/script/nodes.go:95.2,95.78 1 1
github.com/control-center/serviced/script/nodes.go:91.19,93.3 1 1
github.com/control-center/serviced/script/nodes.go:99.67,100.72 1 1
github.com/control-center/serviced/script/nodes.go:115.2,115.10 1 1
github.com/control-center/serviced/script/nodes.go:100.72,102.17 2 1
github.com/control-center/serviced/script/nodes.go:113.3,113.16 1 1
github.com/control-center/serviced/script/nodes.go:102.17,104.30 2 1
github.com/control-center/serviced/script/nodes.go:107.4,107.43 1 1
github.com/control-center/serviced/script/nodes.go:104.30,106.5 1 1
github.com/control-center/serviced/script/nodes.go:107.43,108.56 1 1
github.com/control-center/serviced/script/nodes.go:108.56,110.6 1 1
github.com/control-center/serviced/script/nodes.go:119.63,120.72 1 1
github.com/control-center/serviced/script/nodes.go:140.2,140.10 1 1
github.com/control-center/serviced/script/nodes.go:120.72,122.17 2 1
github.com/control-center/serviced/script/nodes.go:138.3,138.16 1 1
github.com/control-center/serviced/script/nodes.go:122.17,124.31 2 1
github.com/control-center/serviced/script/nodes.go:127.4,127.43 1 1
github.com/control-center/serviced/script/nodes.go:132.4,132.40 1 1
github.com/control-center/serviced/script/nodes.go:124.31,126.5 1 1
github.com/control-center/serviced/script/nodes.go:127.43,128.57 1 1
github.com/control-center/serviced/script/nodes.go:128.57,130.6 1 1
github.com/control-center/serviced/script/nodes.go:132.40,133.15 1 1
github.com/control-center/serviced/script/nodes.go:133.15,135.6 1 1
github.com/control-center/serviced/script/nodes.go:144.50,145.72 1 1
github.com/control-center/serviced/script/nodes.go:161.2,161.10 1 1
github.com/control-center/serviced/script/nodes.go:145.72,148.17 2 1
github.com/control-center/serviced/script/nodes.go:159.3,159.22 1 1
github.com/control-center/serviced/script/nodes.go:148.17,150.43 2 1
github.com/control-center/serviced/script/nodes.go:150.43,151.32 1 1
github.com/control-center/serviced/script/nodes.go:151.32,153.20 2 1
github.com/control-center/serviced/script/nodes.go:153.20,155.7 1 1
github.com/control-center/serviced/script/parser.go:23.38,25.2 1 1
github.com/control-center/serviced/script/parser.go:27.68,29.2 1 1
github.com/control-center/serviced/script/parser.go:31.56,33.16 2 1
github.com/control-center/serviced/script/parser.go:36.2,37.27 2 1
github.com/control-center/serviced/script/parser.go:33.16,35.3 1 0
github.com/control-center/serviced/script/parser.go:40.58,42.44 2 1
github.com/control-center/serviced/script/parser.go:47.2,47.46 1 1
github.com/control-center/serviced/script/parser.go:50.2,50.17 1 1
github.com/control-center/serviced/script/parser.go:42.44,46.3 3 1
github.com/control-center/serviced/script/parser.go:47.46,49.3 1 0
github.com/control-center/serviced/script/parser.go:53.77,56.21 3 1
github.com/control-center/serviced/script/parser.go:62.2,62.22 1 1
github.com/control-center/serviced/script/parser.go:56.21,58.50 2 1
github.com/control-center/serviced/script/parser.go:58.50,60.4 1 0
github.com/control-center/serviced/script/parser.go:66.48,70.22 3 1
github.com/control-center/serviced/script/parser.go:73.2,74.39 2 1
github.com/control-center/serviced/script/parser.go:79.2,80.25 2 1
github.com/control-center/serviced/script/parser.go:83.2,83.18 1 1
github.com/control-center/serviced/script/parser.go:70.22,72.3 1 1
github.com/control-center/serviced/script/parser.go:74.39,76.3 1 1
github.com/control-center/serviced/script/parser.go:76.3,78.3 1 1
github.com/control-center/serviced/script/parser.go:80.25,82.3 1 1
github.com/control-center/serviced/script/parser.go:87.41,91.12 3 1
github.com/control-center/serviced/script/parser.go:94.2,95.16 2 1
github.com/control-center/serviced/script/parser.go:98.2,98.23 1 1
github.com/control-center/serviced/script/parser.go:101.2,101.12 1 1
github.com/control-center/serviced/script/parser.go:91.12,93.3 1 0
github.com/control-center/serviced/script/parser.go:95.16,97.3 1 0
github.com/control-center/serviced/script/parser.go:98.23,100.3 1 1
github.com/control-center/serviced/script/runner.go:22.13,33.2 1 1
github.com/control-center/serviced/script/runner.go:45.60,47.16 2 1
github.com/control-center/serviced/script/runner.go:50.2,50.26 1 1
github.com/control-center/serviced/script/runner.go:54.2,54.37 1 1
github.com/control-center/serviced/script/runner.go:47.16,49.3 1 0
github.com/control-center/serviced/script/runner.go:50.26,53.3 1 0
github.com/control-center/serviced/script/runner.go:57.59,58.33 1 1
github.com/control-center/serviced/script/runner.go:61.2,74.17 2 1
github.com/control-center/serviced/script/runner.go:84.2,84.10 1 1
github.com/control-center/serviced/script/runner.go:58.33,60.3 1 1
github.com/control-center/serviced/script/runner.go:74.17,82.3 7 1
github.com/control-center/serviced/script/runner.go:102.30,103.54 1 1
github.com/control-center/serviced/script/runner.go:106.2,106.12 1 1
github.com/control-center/serviced/script/runner.go:103.54,105.3 1 0
github.com/control-center/serviced/script/runner.go:109.48,111.15 2 1
github.com/control-center/serviced/script/runner.go:117.2,117.26 1 1
github.com/control-center/serviced/script/runner.go:128.2,129.12 2 1
github.com/control-center/serviced/script/runner.go:111.15,112.38 1 1
github.com/control-center/serviced/script/runner.go:112.38,114.4 1 1
github.com/control-center/serviced/script/runner.go:117.26,118.40 1 1
github.com/control-center/serviced/script/runner.go:118.40,120.34 2 1
github.com/control-center/serviced/script/runner.go:120.34,123.5 2 0
github.com/control-center/serviced/script/runner.go:124.4,126.4 1 0
github.com/control-center/serviced/script/runner.go:131.49,133.2 1 1
github.com/control-center/serviced/script/runner.go:135.41,138.2 2 1
github.com/control-center/serviced/script/runner.go:139.44,143.12 3 1
github.com/control-center/serviced/script/runner.go:147.2,148.16 2 1
github.com/control-center/serviced/script/runner.go:151.2,154.32 3 1
github.com/control-center/serviced/script/runner.go:163.2,164.12 2 1
github.com/control-center/serviced/script/runner.go:143.12,145.3 1 0
github.com/control-center/serviced/script/runner.go:148.16,150.3 1 0
github.com/control-center/serviced/script/runner.go:154.32,155.45 1 1
github.com/control-center/serviced/script/runner.go:155.45,157.57 2 0
github.com/control-center/serviced/script/runner.go:157.57,160.5 1 0
github.com/control-center/serviced/script/runner.go:167.39,171.12 4 1
github.com/control-center/serviced/script/runner.go:175.2,176.16 2 1
github.com/control-center/serviced/script/runner.go:179.2,179.23 1 1
github.com/control-center/serviced/script/runner.go:182.2,183.54 2 1
github.com/control-center/serviced/script/runner.go:188.2,189.16 2 1
github.com/control-center/serviced/script/runner.go:195.2,198.16 3 1
github.com/control-center/serviced/script/runner.go:201.2,202.59 2 1
github.com/control-center/serviced/script/runner.go:206.2,206.12 1 1
github.com/control-center/serviced/script/runner.go:171.12,173.3 1 0
github.com/control-center/serviced/script/runner.go:176.16,178.3 1 0
github.com/control-center/serviced/script/runner.go:179.23,181.3 1 0
github.com/control-center/serviced/script/runner.go:183.54,185.3 1 0
github.com/control-center/serviced/script/runner.go:189.16,192.3 2 0
github.com/control-center/serviced/script/runner.go:198.16,200.3 1 0
github.com/control-center/serviced/script/runner.go:202.59,205.3 2 0
github.com/control-center/serviced/script/runner.go:209.42,213.59 4 1
github.com/control-center/serviced/script/runner.go:217.2,217.12 1 1
github.com/control-center/serviced/script/runner.go:213.59,215.3 1 0
github.com/control-center/serviced/script/runner.go:219.46,223.2 3 1
github.com/control-center/serviced/script/runner.go:225.46,227.30 2 1
github.com/control-center/serviced/script/runner.go:230.2,233.12 3 1
github.com/control-center/serviced/script/runner.go:227.30,229.3 1 0
github.com/control-center/serviced/script/utils.go:46.53,49.2 2 0
github.com/control-center/serviced/script/utils.go:51.81,53.2 1 0
github.com/control-center/serviced/script/utils.go:55.56,57.2 1 0
github.com/control-center/serviced/script/utils.go:59.64,61.2 1 0
github.com/control-center/serviced/script/utils.go:62.56,64.2 1 0
github.com/control-center/serviced/script/utils.go:66.105,70.20 4 1
github.com/control-center/serviced/script/utils.go:73.2,75.41 3 1
github.com/control-center/serviced/script/utils.go:70.20,72.3 1 0
github.com/control-center/serviced/script/utils.go:78.50,80.2 1 1
github.com/control-center/serviced/script/utils.go:82.78,84.2 1 1
github.com/control-center/serviced/script/utils.go:86.61,88.2 1 0
github.com/control-center/serviced/script/utils.go:89.53,91.2 1 1
github.com/control-center/serviced/script/utils.go:93.35,95.2 1 1
github.com/control-center/serviced/script/utils.go:97.68,99.16 2 1
github.com/control-center/serviced/script/utils.go:102.2,102.45 1 1
github.com/control-center/serviced/script/utils.go:99.16,101.3 1 0
